Jul-09 11:57:01.475 [main] DEBUG nextflow.cli.Launcher - $> nextflow run main.nf --config_file assets/teaser/params_teaser.yml -profile local
Jul-09 11:57:01.538 [main] DEBUG nextflow.cli.CmdRun - N E X T F L O W  ~  version 26.04.0
Jul-09 11:57:01.552 [main] DEBUG nextflow.plugin.PluginsFacade - Setting up plugin manager > mode=prod; embedded=false; plugins-dir=/home/ajc/.nextflow/plugins; core-plugins: nf-amazon@3.9.0,nf-azure@1.22.2,nf-cloudcache@0.6.0,nf-codecommit@0.5.1,nf-console@1.3.0,nf-google@1.27.2,nf-k8s@1.5.2,nf-seqera@0.19.0,nf-tower@1.27.0,nf-wave@1.20.0
Jul-09 11:57:01.571 [main] INFO  o.pf4j.DefaultPluginStatusProvider - Enabled plugins: []
Jul-09 11:57:01.572 [main] INFO  o.pf4j.DefaultPluginStatusProvider - Disabled plugins: []
Jul-09 11:57:01.576 [main] INFO  org.pf4j.DefaultPluginManager - PF4J version 3.14.1 in 'deployment' mode
Jul-09 11:57:01.593 [main] DEBUG nextflow.util.RetryConfig - Missing nextflow session - using default retry config
Jul-09 11:57:01.669 [main] DEBUG nextflow.plugin.PluginUpdater - Using plugin repository: HttpPluginRepository [registry]; url=https://registry.nextflow.io/api
Jul-09 11:57:01.673 [main] INFO  org.pf4j.AbstractPluginManager - No plugins
Jul-09 11:57:01.706 [main] DEBUG nextflow.config.ConfigBuilder - Found config local: /home/ajc/Work/Projects/bpc_hemolysis/nextflow.config
Jul-09 11:57:01.708 [main] DEBUG nextflow.config.ConfigBuilder - Parsing config file: /home/ajc/Work/Projects/bpc_hemolysis/nextflow.config
Jul-09 11:57:01.711 [main] DEBUG nextflow.config.ConfigParserFactory - Using config parser v2
Jul-09 11:57:01.725 [main] DEBUG nextflow.config.ConfigBuilder - Applying config profile: `local`
Jul-09 11:57:02.153 [main] DEBUG nextflow.config.ConfigBuilder - Available config profiles: [local, cluster]
Jul-09 11:57:02.175 [main] DEBUG nextflow.plugin.PluginsFacade - Plugins default=[]
Jul-09 11:57:02.175 [main] DEBUG nextflow.plugin.PluginsFacade - Plugins resolved requirement=[]
Jul-09 11:57:02.187 [main] DEBUG n.secret.LocalSecretsProvider - Secrets store: /home/ajc/.nextflow/secrets/store.json
Jul-09 11:57:02.189 [main] DEBUG nextflow.secret.SecretsLoader - Discovered secrets providers: [nextflow.secret.LocalSecretsProvider@2e7bf7b7] - activable => nextflow.secret.LocalSecretsProvider@2e7bf7b7
Jul-09 11:57:02.199 [main] DEBUG nextflow.cli.CmdRun - Launching `main.nf` [grave_neumann] - revision: e0e3885715
Jul-09 11:57:02.255 [main] DEBUG nextflow.Session - Session UUID: 40161e63-30a5-4dba-8fda-dd5aff748763
Jul-09 11:57:02.255 [main] DEBUG nextflow.Session - Run name: grave_neumann
Jul-09 11:57:02.256 [main] DEBUG nextflow.Session - Executor pool size: 12
Jul-09 11:57:02.261 [main] DEBUG nextflow.file.FilePorter - File porter settings maxRetries=3; maxTransfers=50; pollTimeout=null
Jul-09 11:57:02.274 [main] DEBUG nextflow.util.ThreadPoolBuilder - Creating thread pool 'FileTransfer' minSize=10; maxSize=36; workQueue=LinkedBlockingQueue[-1]; allowCoreThreadTimeout=false
Jul-09 11:57:02.287 [main] DEBUG nextflow.cli.CmdRun - 
  Version: 26.04.0 build 12031
  Created: 29-04-2026 04:00 UTC (06:00 CEST)
  System: Linux 6.12.94+deb13-amd64
  Runtime: Groovy 4.0.31 on OpenJDK 64-Bit Server VM 17.0.7+4-jvmci-23.0-b10
  Encoding: UTF-8 (UTF-8)
  Process: 191680@mbd [127.0.1.1]
  CPUs: 12 - Mem: 15.3 GB (1.9 GB) - Swap: 20 GB (16.8 GB)
Jul-09 11:57:02.301 [main] DEBUG nextflow.Session - Work-dir: /home/ajc/Work/Projects/bpc_hemolysis/.work [ext2/ext3]
Jul-09 11:57:02.301 [main] DEBUG nextflow.Session - Script base path does not exist or is not a directory: /home/ajc/Work/Projects/bpc_hemolysis/bin
Jul-09 11:57:02.309 [main] DEBUG nextflow.executor.ExecutorFactory - Extension executors providers=[]
Jul-09 11:57:02.319 [main] DEBUG nextflow.Session - Observer factory (v2): LinObserverFactory
Jul-09 11:57:02.330 [main] DEBUG nextflow.Session - Observer factory (v2): DefaultObserverFactory
Jul-09 11:57:02.353 [main] WARN  nextflow.script.ScriptBinding - Access to undefined parameter `containerFor` -- Initialise it to a default value eg. `params.containerFor = some_value`
Jul-09 11:57:02.363 [main] DEBUG nextflow.Session - Unable to resolve dynamic `container` directive -- cause: No signature of method: nextflow.script.ScriptBinding$ParamsMap.containerFor() is applicable for argument types: (String) values: [pull_data]
Jul-09 11:57:02.368 [main] DEBUG nextflow.Session - Unable to resolve dynamic `container` directive -- cause: No signature of method: nextflow.script.ScriptBinding$ParamsMap.containerFor() is applicable for argument types: (String) values: [preprocessing]
Jul-09 11:57:02.373 [main] DEBUG nextflow.Session - Unable to resolve dynamic `container` directive -- cause: No signature of method: nextflow.script.ScriptBinding$ParamsMap.containerFor() is applicable for argument types: (String) values: [model]
Jul-09 11:57:02.377 [main] DEBUG nextflow.Session - Unable to resolve dynamic `container` directive -- cause: No signature of method: nextflow.script.ScriptBinding$ParamsMap.containerFor() is applicable for argument types: (String) values: [mcmc]
Jul-09 11:57:02.381 [main] DEBUG nextflow.Session - Unable to resolve dynamic `container` directive -- cause: No signature of method: nextflow.script.ScriptBinding$ParamsMap.containerFor() is applicable for argument types: (String) values: [diagnostics]
Jul-09 11:57:02.384 [main] DEBUG nextflow.Session - Unable to resolve dynamic `container` directive -- cause: No signature of method: nextflow.script.ScriptBinding$ParamsMap.containerFor() is applicable for argument types: (String) values: [report]
Jul-09 11:57:02.386 [main] DEBUG nextflow.Session - Unable to resolve dynamic `container` directive -- cause: No signature of method: nextflow.script.ScriptBinding$ParamsMap.containerFor() is applicable for argument types: (String) values: [experiments]
Jul-09 11:57:02.402 [main] DEBUG nextflow.cache.CacheFactory - Using Nextflow cache factory: nextflow.cache.DefaultCacheFactory
Jul-09 11:57:02.408 [main] DEBUG nextflow.util.CustomThreadPool - Creating default thread pool > poolSize: 13; maxThreads: 1000
Jul-09 11:57:02.457 [main] DEBUG nextflow.Session - Session start
Jul-09 11:57:02.464 [main] DEBUG nextflow.script.ScriptLoaderFactory - Using script parser v2
Jul-09 11:57:02.941 [main] DEBUG nextflow.script.ScriptRunner - > Launching execution
Jul-09 11:57:03.082 [main] DEBUG n.script.dsl.ProcessConfigBuilder - Config settings `withName:PULL_DATA_COSCINE` matches process bpc_hemolysis:PULL_DATA_COSCINE
Jul-09 11:57:03.084 [main] DEBUG nextflow.executor.ExecutorFactory - << taskConfig executor: null
Jul-09 11:57:03.084 [main] DEBUG nextflow.executor.ExecutorFactory - >> processorType: 'local'
Jul-09 11:57:03.089 [main] DEBUG nextflow.executor.Executor - [warm up] executor > local
Jul-09 11:57:03.093 [main] DEBUG n.processor.LocalPollingMonitor - Creating local task monitor for executor 'local' > cpus=12; memory=15.3 GB; capacity=12; pollInterval=100ms; dumpInterval=5m
Jul-09 11:57:03.095 [main] DEBUG n.processor.TaskPollingMonitor - >>> barrier register (monitor: local)
Jul-09 11:57:03.116 [main] DEBUG nextflow.processor.TaskProcessor - Creating process 'bpc_hemolysis:PULL_DATA_COSCINE': maxForks=0; fair=false; array=0
Jul-09 11:57:03.143 [main] DEBUG n.script.dsl.ProcessConfigBuilder - Config settings `withName:PREPROCESS_DATA` matches process bpc_hemolysis:PREPROCESS_DATA
Jul-09 11:57:03.145 [main] DEBUG nextflow.executor.ExecutorFactory - << taskConfig executor: null
Jul-09 11:57:03.145 [main] DEBUG nextflow.executor.ExecutorFactory - >> processorType: 'local'
Jul-09 11:57:03.145 [main] DEBUG nextflow.processor.TaskProcessor - Creating process 'bpc_hemolysis:PREPROCESS_DATA': maxForks=0; fair=false; array=0
Jul-09 11:57:03.151 [main] DEBUG nextflow.executor.ExecutorFactory - << taskConfig executor: null
Jul-09 11:57:03.151 [main] DEBUG nextflow.executor.ExecutorFactory - >> processorType: 'local'
Jul-09 11:57:03.151 [main] DEBUG nextflow.processor.TaskProcessor - Creating process 'bpc_hemolysis:SETUP_UM_IPC': maxForks=0; fair=false; array=0
Jul-09 11:57:03.180 [main] DEBUG n.script.dsl.ProcessConfigBuilder - Config settings `withName:SERVE_MODEL_JL|SERVE_MODEL_PY|MCMC_CALIBRATION` matches process bpc_hemolysis:SERVE_MODEL_JL
Jul-09 11:57:03.181 [main] DEBUG nextflow.executor.ExecutorFactory - << taskConfig executor: null
Jul-09 11:57:03.181 [main] DEBUG nextflow.executor.ExecutorFactory - >> processorType: 'local'
Jul-09 11:57:03.183 [main] DEBUG nextflow.processor.TaskProcessor - Creating process 'bpc_hemolysis:SERVE_MODEL_JL': maxForks=1; fair=false; array=0
Jul-09 11:57:03.190 [main] DEBUG n.script.dsl.ProcessConfigBuilder - Config settings `withName:SERVE_MODEL_JL|SERVE_MODEL_PY|MCMC_CALIBRATION` matches process bpc_hemolysis:SERVE_MODEL_PY
Jul-09 11:57:03.191 [main] DEBUG n.script.dsl.ProcessConfigBuilder - Config settings `withName:SERVE_MODEL_PY` matches process bpc_hemolysis:SERVE_MODEL_PY
Jul-09 11:57:03.191 [main] DEBUG nextflow.executor.ExecutorFactory - << taskConfig executor: null
Jul-09 11:57:03.192 [main] DEBUG nextflow.executor.ExecutorFactory - >> processorType: 'local'
Jul-09 11:57:03.192 [main] DEBUG nextflow.processor.TaskProcessor - Creating process 'bpc_hemolysis:SERVE_MODEL_PY': maxForks=1; fair=false; array=0
Jul-09 11:57:03.196 [main] DEBUG n.script.dsl.ProcessConfigBuilder - Config settings `withName:SERVE_MODEL_JL|SERVE_MODEL_PY|MCMC_CALIBRATION` matches process bpc_hemolysis:MCMC_CALIBRATION
Jul-09 11:57:03.196 [main] DEBUG n.script.dsl.ProcessConfigBuilder - Config settings `withName:MCMC_CALIBRATION` matches process bpc_hemolysis:MCMC_CALIBRATION
Jul-09 11:57:03.197 [main] DEBUG nextflow.executor.ExecutorFactory - << taskConfig executor: null
Jul-09 11:57:03.197 [main] DEBUG nextflow.executor.ExecutorFactory - >> processorType: 'local'
Jul-09 11:57:03.198 [main] DEBUG nextflow.processor.TaskProcessor - Creating process 'bpc_hemolysis:MCMC_CALIBRATION': maxForks=1; fair=false; array=0
Jul-09 11:57:03.205 [main] DEBUG n.script.dsl.ProcessConfigBuilder - Config settings `withName:RUN_DIAGNOSTICS` matches process bpc_hemolysis:RUN_DIAGNOSTICS
Jul-09 11:57:03.206 [main] DEBUG nextflow.executor.ExecutorFactory - << taskConfig executor: null
Jul-09 11:57:03.206 [main] DEBUG nextflow.executor.ExecutorFactory - >> processorType: 'local'
Jul-09 11:57:03.206 [main] DEBUG nextflow.processor.TaskProcessor - Creating process 'bpc_hemolysis:RUN_DIAGNOSTICS': maxForks=0; fair=false; array=0
Jul-09 11:57:03.217 [main] DEBUG nextflow.executor.ExecutorFactory - << taskConfig executor: null
Jul-09 11:57:03.217 [main] DEBUG nextflow.executor.ExecutorFactory - >> processorType: 'local'
Jul-09 11:57:03.218 [main] DEBUG nextflow.processor.TaskProcessor - Creating process 'bpc_hemolysis:BUNDLE_OUTPUTS': maxForks=0; fair=false; array=0
Jul-09 11:57:03.222 [main] DEBUG n.script.dsl.ProcessConfigBuilder - Config settings `withName:GENERATE_REPORT` matches process bpc_hemolysis:GENERATE_REPORT
Jul-09 11:57:03.222 [main] DEBUG nextflow.executor.ExecutorFactory - << taskConfig executor: null
Jul-09 11:57:03.222 [main] DEBUG nextflow.executor.ExecutorFactory - >> processorType: 'local'
Jul-09 11:57:03.223 [main] DEBUG nextflow.processor.TaskProcessor - Creating process 'bpc_hemolysis:GENERATE_REPORT': maxForks=0; fair=false; array=0
Jul-09 11:57:03.225 [main] DEBUG nextflow.Session - Process names: bpc_hemolysis:GENERATE_REPORT, bpc_hemolysis:SETUP_UM_IPC, PULL_DATA_COSCINE, SETUP_UM_IPC, PREPROCESS_DATA, SERVE_MODEL_PY, SERVE_MODEL_JL, bpc_hemolysis:SERVE_MODEL_PY, RUN_DIAGNOSTICS, BUNDLE_OUTPUTS, bpc_hemolysis:BUNDLE_OUTPUTS, bpc_hemolysis:RUN_DIAGNOSTICS, bpc_hemolysis:PULL_DATA_COSCINE, MCMC_CALIBRATION, bpc_hemolysis:SERVE_MODEL_JL, GENERATE_REPORT, bpc_hemolysis:MCMC_CALIBRATION, bpc_hemolysis:PREPROCESS_DATA
Jul-09 11:57:03.233 [main] WARN  nextflow.Session - There's no process matching config selector: GENERATE_EXPERIMENTS
Jul-09 11:57:03.235 [main] DEBUG nextflow.Session - Igniting dataflow network (10)
Jul-09 11:57:03.236 [main] DEBUG nextflow.processor.TaskProcessor - Starting process > bpc_hemolysis:PULL_DATA_COSCINE
Jul-09 11:57:03.236 [main] DEBUG nextflow.processor.TaskProcessor - Starting process > bpc_hemolysis:PREPROCESS_DATA
Jul-09 11:57:03.236 [main] DEBUG nextflow.processor.TaskProcessor - Starting process > bpc_hemolysis:SETUP_UM_IPC
Jul-09 11:57:03.236 [main] DEBUG nextflow.processor.TaskProcessor - Starting process > bpc_hemolysis:SERVE_MODEL_JL
Jul-09 11:57:03.236 [main] DEBUG nextflow.processor.TaskProcessor - Starting process > bpc_hemolysis:SERVE_MODEL_PY
Jul-09 11:57:03.236 [main] DEBUG nextflow.processor.TaskProcessor - Starting process > bpc_hemolysis:MCMC_CALIBRATION
Jul-09 11:57:03.236 [main] DEBUG nextflow.processor.TaskProcessor - Starting process > bpc_hemolysis:RUN_DIAGNOSTICS
Jul-09 11:57:03.236 [main] DEBUG nextflow.processor.TaskProcessor - Starting process > bpc_hemolysis:BUNDLE_OUTPUTS
Jul-09 11:57:03.236 [main] DEBUG nextflow.processor.TaskProcessor - Starting process > bpc_hemolysis:GENERATE_REPORT
Jul-09 11:57:03.237 [main] DEBUG nextflow.script.ScriptRunner - Parsed script files:
  Main: /home/ajc/Work/Projects/bpc_hemolysis/main.nf
Jul-09 11:57:03.237 [main] DEBUG nextflow.script.ScriptRunner - > Awaiting termination 
Jul-09 11:57:03.237 [main] DEBUG nextflow.Session - Session await
Jul-09 11:57:03.298 [Actor Thread 12] DEBUG nextflow.conda.CondaCache - conda found local env for environment=/home/ajc/Work/Projects/bpc_hemolysis/pull_data/lockfile/conda-linux-64.lock; path=/home/ajc/Work/Projects/bpc_hemolysis/.work/conda/env-b0ef1039edcd74aa9176139562e296b8
Jul-09 11:57:03.366 [Task submitter] DEBUG n.executor.local.LocalTaskHandler - Launch cmd line: /bin/bash -ue .command.run
Jul-09 11:57:03.368 [Task submitter] INFO  nextflow.Session - [50/a8cf24] Submitted process > bpc_hemolysis:PULL_DATA_COSCINE
Jul-09 11:57:07.527 [Task monitor] DEBUG n.processor.TaskPollingMonitor - Task completed > TaskHandler[id: 1; name: bpc_hemolysis:PULL_DATA_COSCINE; status: COMPLETED; exit: 0; error: -; workDir: /home/ajc/Work/Projects/bpc_hemolysis/.work/50/a8cf24f31234ae93c021e46fc64850]
Jul-09 11:57:07.528 [Task monitor] DEBUG nextflow.util.ThreadPoolBuilder - Creating thread pool 'TaskFinalizer' minSize=10; maxSize=36; workQueue=LinkedBlockingQueue[-1]; allowCoreThreadTimeout=false
Jul-09 11:57:07.551 [Actor Thread 11] DEBUG nextflow.conda.CondaCache - conda found local env for environment=/home/ajc/Work/Projects/bpc_hemolysis/preprocessing/lockfile/conda-linux-64.lock; path=/home/ajc/Work/Projects/bpc_hemolysis/.work/conda/env-963a897cac11eae8a3c41f9a587a4024
Jul-09 11:57:07.551 [TaskFinalizer-1] DEBUG nextflow.util.ThreadPoolBuilder - Creating thread pool 'PublishDir' minSize=10; maxSize=36; workQueue=LinkedBlockingQueue[-1]; allowCoreThreadTimeout=false
Jul-09 11:57:07.561 [Task submitter] DEBUG n.executor.local.LocalTaskHandler - Launch cmd line: /bin/bash -ue .command.run
Jul-09 11:57:07.562 [Task submitter] INFO  nextflow.Session - [8f/8bf857] Submitted process > bpc_hemolysis:PREPROCESS_DATA
Jul-09 11:57:08.411 [Task monitor] DEBUG n.processor.TaskPollingMonitor - Task completed > TaskHandler[id: 2; name: bpc_hemolysis:PREPROCESS_DATA; status: COMPLETED; exit: 0; error: -; workDir: /home/ajc/Work/Projects/bpc_hemolysis/.work/8f/8bf857e1b15a1eedcbe598caa63266]
Jul-09 11:57:08.434 [Task submitter] DEBUG n.executor.local.LocalTaskHandler - Launch cmd line: /bin/bash -ue .command.run
Jul-09 11:57:08.435 [Task submitter] INFO  nextflow.Session - [47/0f8d9f] Submitted process > bpc_hemolysis:SETUP_UM_IPC
Jul-09 11:57:08.464 [Task monitor] DEBUG n.processor.TaskPollingMonitor - Task completed > TaskHandler[id: 3; name: bpc_hemolysis:SETUP_UM_IPC; status: COMPLETED; exit: 0; error: -; workDir: /home/ajc/Work/Projects/bpc_hemolysis/.work/47/0f8d9fad4f59ee6dfa92ef62423705]
Jul-09 11:57:10.515 [Actor Thread 12] DEBUG nextflow.conda.CondaCache - conda found local env for environment=/home/ajc/Work/Projects/bpc_hemolysis/mcmc/environment.yml; path=/home/ajc/Work/Projects/bpc_hemolysis/.work/conda/env-ceed5180c5997a487d412863d380e799
Jul-09 11:57:10.524 [Actor Thread 12] DEBUG nextflow.conda.CondaCache - conda found local env for environment=/home/ajc/Work/Projects/bpc_hemolysis/model/environment.yml; path=/home/ajc/Work/Projects/bpc_hemolysis/.work/conda/env-986429f572c7aae4ab9e3c4a1cbe0b00
Jul-09 11:57:10.561 [Task submitter] DEBUG n.executor.local.LocalTaskHandler - Launch cmd line: /bin/bash -ue .command.run
Jul-09 11:57:10.562 [Task submitter] INFO  nextflow.Session - [3b/fb0c9f] Submitted process > bpc_hemolysis:MCMC_CALIBRATION (1)
Jul-09 11:57:10.614 [Task submitter] DEBUG n.executor.local.LocalTaskHandler - Launch cmd line: /bin/bash -ue .command.run
Jul-09 11:57:10.620 [Task submitter] INFO  nextflow.Session - [f3/330a32] Submitted process > bpc_hemolysis:SERVE_MODEL_PY (1)
Jul-09 12:02:03.204 [Task monitor] DEBUG n.processor.TaskPollingMonitor - !! executor local > tasks to be completed: 2 -- submitted tasks are shown below
~> TaskHandler[id: 4; name: bpc_hemolysis:MCMC_CALIBRATION (1); status: RUNNING; exit: -; error: -; workDir: /home/ajc/Work/Projects/bpc_hemolysis/.work/3b/fb0c9fbe59ab351c25829ffa90f5e2]
~> TaskHandler[id: 5; name: bpc_hemolysis:SERVE_MODEL_PY (1); status: RUNNING; exit: -; error: -; workDir: /home/ajc/Work/Projects/bpc_hemolysis/.work/f3/330a3239c8fd8d31d04f3fec298987]
Jul-09 12:07:03.296 [Task monitor] DEBUG n.processor.TaskPollingMonitor - !! executor local > tasks to be completed: 2 -- submitted tasks are shown below
~> TaskHandler[id: 4; name: bpc_hemolysis:MCMC_CALIBRATION (1); status: RUNNING; exit: -; error: -; workDir: /home/ajc/Work/Projects/bpc_hemolysis/.work/3b/fb0c9fbe59ab351c25829ffa90f5e2]
~> TaskHandler[id: 5; name: bpc_hemolysis:SERVE_MODEL_PY (1); status: RUNNING; exit: -; error: -; workDir: /home/ajc/Work/Projects/bpc_hemolysis/.work/f3/330a3239c8fd8d31d04f3fec298987]
Jul-09 12:12:03.387 [Task monitor] DEBUG n.processor.TaskPollingMonitor - !! executor local > tasks to be completed: 2 -- submitted tasks are shown below
~> TaskHandler[id: 4; name: bpc_hemolysis:MCMC_CALIBRATION (1); status: RUNNING; exit: -; error: -; workDir: /home/ajc/Work/Projects/bpc_hemolysis/.work/3b/fb0c9fbe59ab351c25829ffa90f5e2]
~> TaskHandler[id: 5; name: bpc_hemolysis:SERVE_MODEL_PY (1); status: RUNNING; exit: -; error: -; workDir: /home/ajc/Work/Projects/bpc_hemolysis/.work/f3/330a3239c8fd8d31d04f3fec298987]
Jul-09 12:17:03.425 [Task monitor] DEBUG n.processor.TaskPollingMonitor - !! executor local > tasks to be completed: 2 -- submitted tasks are shown below
~> TaskHandler[id: 4; name: bpc_hemolysis:MCMC_CALIBRATION (1); status: RUNNING; exit: -; error: -; workDir: /home/ajc/Work/Projects/bpc_hemolysis/.work/3b/fb0c9fbe59ab351c25829ffa90f5e2]
~> TaskHandler[id: 5; name: bpc_hemolysis:SERVE_MODEL_PY (1); status: RUNNING; exit: -; error: -; workDir: /home/ajc/Work/Projects/bpc_hemolysis/.work/f3/330a3239c8fd8d31d04f3fec298987]
Jul-09 12:22:03.523 [Task monitor] DEBUG n.processor.TaskPollingMonitor - !! executor local > tasks to be completed: 2 -- submitted tasks are shown below
~> TaskHandler[id: 4; name: bpc_hemolysis:MCMC_CALIBRATION (1); status: RUNNING; exit: -; error: -; workDir: /home/ajc/Work/Projects/bpc_hemolysis/.work/3b/fb0c9fbe59ab351c25829ffa90f5e2]
~> TaskHandler[id: 5; name: bpc_hemolysis:SERVE_MODEL_PY (1); status: RUNNING; exit: -; error: -; workDir: /home/ajc/Work/Projects/bpc_hemolysis/.work/f3/330a3239c8fd8d31d04f3fec298987]
Jul-09 12:23:23.662 [Task monitor] DEBUG n.processor.TaskPollingMonitor - Task completed > TaskHandler[id: 4; name: bpc_hemolysis:MCMC_CALIBRATION (1); status: COMPLETED; exit: 0; error: -; workDir: /home/ajc/Work/Projects/bpc_hemolysis/.work/3b/fb0c9fbe59ab351c25829ffa90f5e2]
Jul-09 12:23:23.692 [Actor Thread 12] DEBUG nextflow.conda.CondaCache - conda found local env for environment=/home/ajc/Work/Projects/bpc_hemolysis/diagnostics/lockfile/conda-linux-64.lock; path=/home/ajc/Work/Projects/bpc_hemolysis/.work/conda/env-d893b8825cef24150140b134383e6000
Jul-09 12:23:23.708 [Task submitter] DEBUG n.executor.local.LocalTaskHandler - Launch cmd line: /bin/bash -ue .command.run
Jul-09 12:23:23.709 [Task submitter] INFO  nextflow.Session - [97/081b6c] Submitted process > bpc_hemolysis:RUN_DIAGNOSTICS (1)
Jul-09 12:23:24.829 [Task monitor] DEBUG n.processor.TaskPollingMonitor - Task completed > TaskHandler[id: 5; name: bpc_hemolysis:SERVE_MODEL_PY (1); status: COMPLETED; exit: 0; error: -; workDir: /home/ajc/Work/Projects/bpc_hemolysis/.work/f3/330a3239c8fd8d31d04f3fec298987]
Jul-09 12:23:43.962 [Task monitor] DEBUG n.processor.TaskPollingMonitor - Task completed > TaskHandler[id: 6; name: bpc_hemolysis:RUN_DIAGNOSTICS (1); status: COMPLETED; exit: 0; error: -; workDir: /home/ajc/Work/Projects/bpc_hemolysis/.work/97/081b6cbf3971fb8de5bd5d27e21df8]
Jul-09 12:23:43.988 [Task submitter] DEBUG n.executor.local.LocalTaskHandler - Launch cmd line: /bin/bash -ue .command.run
Jul-09 12:23:43.990 [Task submitter] INFO  nextflow.Session - [ee/0b8a24] Submitted process > bpc_hemolysis:BUNDLE_OUTPUTS (1)
Jul-09 12:23:44.094 [Task monitor] DEBUG n.processor.TaskPollingMonitor - Task completed > TaskHandler[id: 7; name: bpc_hemolysis:BUNDLE_OUTPUTS (1); status: COMPLETED; exit: 0; error: -; workDir: /home/ajc/Work/Projects/bpc_hemolysis/.work/ee/0b8a2441454873c764415a1fe04d49]
Jul-09 12:23:44.115 [Actor Thread 12] DEBUG nextflow.conda.CondaCache - conda found local env for environment=/home/ajc/Work/Projects/bpc_hemolysis/report/lockfile/conda-linux-64.lock; path=/home/ajc/Work/Projects/bpc_hemolysis/.work/conda/env-c3e727a7221223e1c8ab1af1450534a3
Jul-09 12:23:44.136 [Task submitter] DEBUG n.executor.local.LocalTaskHandler - Launch cmd line: /bin/bash -ue .command.run
Jul-09 12:23:44.138 [Task submitter] INFO  nextflow.Session - [9b/6b4a7f] Submitted process > bpc_hemolysis:GENERATE_REPORT (1)
Jul-09 12:23:46.464 [Task monitor] DEBUG n.processor.TaskPollingMonitor - Task completed > TaskHandler[id: 8; name: bpc_hemolysis:GENERATE_REPORT (1); status: COMPLETED; exit: 0; error: -; workDir: /home/ajc/Work/Projects/bpc_hemolysis/.work/9b/6b4a7fb337bb9edf3e200289d2719f]
Jul-09 12:23:46.468 [main] DEBUG nextflow.Session - Session await > all processes finished
Jul-09 12:23:46.563 [Task monitor] DEBUG n.processor.TaskPollingMonitor - <<< barrier arrives (monitor: local) - terminating tasks monitor poll loop
Jul-09 12:23:46.564 [main] DEBUG nextflow.Session - Session await > all barriers passed
Jul-09 12:23:46.568 [main] DEBUG nextflow.util.ThreadPoolManager - Thread pool 'TaskFinalizer' shutdown completed (hard=false)
Jul-09 12:23:46.569 [main] DEBUG nextflow.util.ThreadPoolManager - Thread pool 'PublishDir' shutdown completed (hard=false)
Jul-09 12:23:46.582 [main] DEBUG n.trace.WorkflowStatsObserver - Workflow completed > WorkflowStats[succeededCount=8; failedCount=0; ignoredCount=0; cachedCount=0; pendingCount=0; submittedCount=0; runningCount=0; retriesCount=0; abortedCount=0; succeedDuration=52m 55s; failedDuration=0ms; cachedDuration=0ms;loadCpus=0; loadMemory=0; peakRunning=2; peakCpus=2; peakMemory=0; ]
Jul-09 12:23:46.815 [main] DEBUG nextflow.cache.CacheDB - Closing CacheDB done
Jul-09 12:23:46.853 [main] DEBUG nextflow.util.ThreadPoolManager - Thread pool 'FileTransfer' shutdown completed (hard=false)
Jul-09 12:23:46.854 [main] DEBUG nextflow.script.ScriptRunner - > Execution complete -- Goodbye
